<?xml version="1.0" encoding="UTF-8"?>
<testng-results ignored="0" total="1" passed="1" failed="0" skipped="0">
  <reporter-output>
  </reporter-output>
  <suite started-at="2025-08-31T23:22:28 AST" name="Default suite" finished-at="2025-08-31T23:22:31 AST" duration-ms="3270">
    <groups>
    </groups>
    <test started-at="2025-08-31T23:22:28 AST" name="Default test" finished-at="2025-08-31T23:22:31 AST" duration-ms="3270">
      <class name="Swaglab.MyTestCases">
        <test-method is-config="true" signature="mysetup()[pri:0, instance:Swaglab.MyTestCases@47f4e407]" started-at="2025-08-31T23:22:28 AST" name="mysetup" finished-at="2025-08-31T23:22:29 AST" duration-ms="1192" status="PASS">
          <reporter-output>
          </reporter-output>
        </test-method> <!-- mysetup -->
        <test-method signature="login()[pri:0, instance:Swaglab.MyTestCases@47f4e407]" started-at="2025-08-31T23:22:29 AST" name="login" finished-at="2025-08-31T23:22:31 AST" duration-ms="2017" status="PASS">
          <reporter-output>
          </reporter-output>
        </test-method> <!-- login -->
      </class> <!-- Swaglab.MyTestCases -->
    </test> <!-- Default test -->
  </suite> <!-- Default suite -->
</testng-results>
